<?xml version="1.0" encoding="UTF-8"?>
<testsuite xmlns:xsi="http://www.w3.org/2001/XMLSchema-instance" xsi:noNamespaceSchemaLocation="https://maven.apache.org/surefire/maven-surefire-plugin/xsd/surefire-test-report.xsd" name="sample.freemarker.SampleWebFreeMarkerApplicationTests" time="9.588" tests="2" errors="0" skipped="0" failures="0">
  <properties>
[...]
</properties>
  <testcase name="testFreeMarkerErrorTemplate" classname="sample.freemarker.SampleWebFreeMarkerApplicationTests" time="1.05"/>
  <testcase name="testFreeMarkerTemplate" classname="sample.freemarker.SampleWebFreeMarkerApplicationTests" time="0.001"/>
</testsuite>